<?xml version="1.0" encoding="UTF-8"?>
<!-- Generated by org.testng.reporters.JUnitXMLReporter -->
<testsuite hostname="CHETPDT011" ignored="0" name="ProleazFirstSetOfTestCases" tests="6" failures="0" timestamp="01 Apr 2019 06:04:58 GMT" time="94.851" errors="0">
  <testcase name="invalidLogin" time="5.153" classname="Proleaz.project.VerifyInvalidLogin"/>
  <testcase name="invalidLogin" time="4.447" classname="Proleaz.project.VerifyInvalidLogin"/>
  <testcase name="invalidLogin" time="4.758" classname="Proleaz.project.VerifyInvalidLogin"/>
  <testcase name="invalidLogin" time="3.319" classname="Proleaz.project.VerifyInvalidLogin"/>
  <testcase name="validLogin" time="78.302" classname="Proleaz.project.VerifyLogin"/>
  <testcase name="verifyPortfolioIsSaved" time="10.124" classname="Proleaz.project.VerifyPortfolio"/>
</testsuite> <!-- ProleazFirstSetOfTestCases -->
