<?xml version="1.0" encoding="UTF-8"?>
<!-- Generated by org.testng.reporters.JUnitXMLReporter -->
<testsuite hostname="CHETPDT011" ignored="0" name="testngTest" tests="6" failures="0" timestamp="30 Mar 2019 12:38:33 GMT" time="105.597" errors="0">
  <testcase name="invalidLogin" time="5.831" classname="Proleaz.project.VerifyInvalidLogin"/>
  <testcase name="invalidLogin" time="4.243" classname="Proleaz.project.VerifyInvalidLogin"/>
  <testcase name="invalidLogin" time="4.039" classname="Proleaz.project.VerifyInvalidLogin"/>
  <testcase name="invalidLogin" time="3.439" classname="Proleaz.project.VerifyInvalidLogin"/>
  <testcase name="validLogin" time="83.168" classname="Proleaz.project.VerifyLogin"/>
  <testcase name="verifyPortfolioIsSaved" time="11.5" classname="Proleaz.project.VerifyPortfolio"/>
</testsuite> <!-- testngTest -->
