<?xml version="1.0" encoding="UTF-8"?>
<testng-results skipped="0" failed="0" ignored="0" total="1" passed="1">
  <reporter-output>
  </reporter-output>
  <suite name="Default suite" duration-ms="42387" started-at="2019-10-08T06:36:40Z" finished-at="2019-10-08T06:37:22Z">
    <groups>
    </groups>
    <test name="Default test" duration-ms="42387" started-at="2019-10-08T06:36:40Z" finished-at="2019-10-08T06:37:22Z">
      <class name="testcases.VerifyLogin">
        <test-method status="PASS" signature="beforeMethod()[pri:0, instance:testcases.VerifyLogin@627551fb]" name="beforeMethod" is-config="true" duration-ms="16119" started-at="2019-10-08T06:36:40Z" finished-at="2019-10-08T06:36:56Z">
          <reporter-output>
          </reporter-output>
        </test-method> <!-- beforeMethod -->
        <test-method status="PASS" signature="validLogin(java.lang.String, java.lang.String)[pri:0, instance:testcases.VerifyLogin@627551fb]" name="validLogin" duration-ms="25800" started-at="2019-10-08T06:36:56Z" data-provider="validLoginDetails" finished-at="2019-10-08T06:37:22Z">
          <params>
            <param index="0">
              <value>
                <![CDATA[mk]]>
              </value>
            </param>
            <param index="1">
              <value>
                <![CDATA[12345]]>
              </value>
            </param>
          </params>
          <reporter-output>
          </reporter-output>
        </test-method> <!-- validLogin -->
        <test-method status="PASS" signature="endTest1()[pri:0, instance:testcases.VerifyLogin@627551fb]" name="endTest1" is-config="true" duration-ms="417" started-at="2019-10-08T06:37:22Z" finished-at="2019-10-08T06:37:22Z">
          <reporter-output>
          </reporter-output>
        </test-method> <!-- endTest1 -->
      </class> <!-- testcases.VerifyLogin -->
    </test> <!-- Default test -->
  </suite> <!-- Default suite -->
</testng-results>
